<?xml version="1.0" encoding="UTF-8"?>
<testsuite name="test"
           tests="5"
           failures="0"
           errors="0"
           skipped="0"
           time="51.701">
  <properties />
  
  
            <testcase name="Incar" time="5.536" classname="Tool.OpenBrowser" />
                <testcase name="loginOut" time="5.203" classname="Tool.OpenBrowser" />
                <testcase name="openUrl" time="9.810" classname="Tool.OpenBrowser" />
                <testcase name="load" time="15.980" classname="Tool.OpenBrowser" />
                <testcase name="searchGoods" time="15.172" classname="Tool.OpenBrowser" />
      
</testsuite>
