<?xml version="1.0" encoding="UTF-8"?>
<testng-results skipped="0" failed="0" ignored="0" total="5" passed="5">
  <reporter-output>
  </reporter-output>
  <suite name="Auto" duration-ms="52962" started-at="2021-01-14T02:21:30Z" finished-at="2021-01-14T02:22:23Z">
    <groups>
    </groups>
    <test name="test" duration-ms="52962" started-at="2021-01-14T02:21:30Z" finished-at="2021-01-14T02:22:23Z">
      <class name="Tool.OpenBrowser">
        <test-method status="PASS" signature="openUrl(Data.Excel)[pri:0, instance:Tool.OpenBrowser@343f4d3d]" name="openUrl" duration-ms="9810" started-at="2021-01-14T10:21:31Z" data-provider="DataExcel" finished-at="2021-01-14T10:21:41Z">
          <params>
            <param index="0">
              <value>
                <![CDATA[Data.Excel@1bb266b3]]>
              </value>
            </param>
          </params>
          <reporter-output>
          </reporter-output>
        </test-method> <!-- openUrl -->
        <test-method status="PASS" signature="load()[pri:0, instance:Tool.OpenBrowser@343f4d3d]" name="load" duration-ms="15980" started-at="2021-01-14T10:21:41Z" depends-on-methods="Tool.OpenBrowser.openUrl" finished-at="2021-01-14T10:21:57Z">
          <reporter-output>
          </reporter-output>
        </test-method> <!-- load -->
        <test-method status="PASS" signature="searchGoods()[pri:0, instance:Tool.OpenBrowser@343f4d3d]" name="searchGoods" duration-ms="15172" started-at="2021-01-14T10:21:57Z" depends-on-methods="Tool.OpenBrowser.load" finished-at="2021-01-14T10:22:12Z">
          <reporter-output>
          </reporter-output>
        </test-method> <!-- searchGoods -->
        <test-method status="PASS" signature="Incar()[pri:0, instance:Tool.OpenBrowser@343f4d3d]" name="Incar" duration-ms="5536" started-at="2021-01-14T10:22:12Z" depends-on-methods="Tool.OpenBrowser.load" finished-at="2021-01-14T10:22:18Z">
          <reporter-output>
          </reporter-output>
        </test-method> <!-- Incar -->
        <test-method status="PASS" signature="loginOut()[pri:0, instance:Tool.OpenBrowser@343f4d3d]" name="loginOut" duration-ms="5203" started-at="2021-01-14T10:22:18Z" depends-on-methods="Tool.OpenBrowser.load" finished-at="2021-01-14T10:22:23Z">
          <reporter-output>
          </reporter-output>
        </test-method> <!-- loginOut -->
      </class> <!-- Tool.OpenBrowser -->
    </test> <!-- test -->
  </suite> <!-- Auto -->
</testng-results>
