<?xml version="1.0" encoding="UTF-8"?>
<!-- Generated by org.testng.reporters.JUnitXMLReporter -->
<testsuite hostname="LAPTOP-DRLF2I6H" ignored="0" name="test" tests="5" failures="0" timestamp="14 一月 2021 02:22:23 GMT" time="52.962" errors="0">
  <testcase name="openUrl" time="9.81" classname="Tool.OpenBrowser"/>
  <testcase name="load" time="15.98" classname="Tool.OpenBrowser"/>
  <testcase name="searchGoods" time="15.172" classname="Tool.OpenBrowser"/>
  <testcase name="Incar" time="5.536" classname="Tool.OpenBrowser"/>
  <testcase name="loginOut" time="5.203" classname="Tool.OpenBrowser"/>
</testsuite> <!-- test -->
